<?xml version="1.0" encoding="utf-8"?><testsuites name="pytest tests"><testsuite name="pytest" errors="0" failures="0" skipped="0" tests="186" time="141.235" timestamp="2026-09-01T00:58:34.541093+08:00" hostname="5CD4279G2D-STO"><testcase classname="tests.test_advanced_execution" name="test_order_having_and_replaceable_sorter_match_duckdb" time="0.376" /><testcase classname="tests.test_advanced_execution" name="test_ranking_windows_match_duckdb_for_partition_order_peers_and_null" time="0.158" /><testcase classname="tests.test_advanced_execution" name="test_aggregate_windows_and_rows_frames_match_duckdb" time="0.123" /><testcase classname="tests.test_advanced_execution" name="test_grouping_sets_count_distinct_null_and_empty_input_match_duckdb" time="0.240" /><testcase classname="tests.test_advisor_observability" name="test_diagnostics_aggregate_real_metrics_retries_logs_and_explain" time="0.024" /><testcase classname="tests.test_advisor_observability" name="test_advisor_emits_quantified_shuffle_skew_spill_and_join_advice" time="0.018" /><testcase classname="tests.test_advisor_observability" name="test_missing_statistics_is_specific_and_suppresses_join_strategy_advice" time="0.016" /><testcase classname="tests.test_advisor_observability" name="test_no_evidence_returns_explicit_no_recommendations" time="0.018" /><testcase classname="tests.test_advisor_observability" name="test_structured_log_requires_complete_correlation_chain" time="0.005" /><testcase classname="tests.test_catalog" name="test_catalog_rest_crud_and_sqlite_persistence" time="1.199" /><testcase classname="tests.test_catalog" name="test_import_partitions_publishes_manifest_and_survives_restart[order_id-hash]" time="1.029" /><testcase classname="tests.test_catalog" name="test_import_partitions_publishes_manifest_and_survives_restart[None-round_robin]" time="1.378" /><testcase classname="tests.test_cbo" name="test_collect_statistics_records_all_required_values" time="0.003" /><testcase classname="tests.test_cbo" name="test_filter_aggregate_and_join_cardinality_use_column_statistics" time="0.014" /><testcase classname="tests.test_cbo" name="test_partition_strategy_selection[hash-hash-id-id-reuse]" time="0.006" /><testcase classname="tests.test_cbo" name="test_partition_strategy_selection[hash-unknown-id-None-repartition_right]" time="0.006" /><testcase classname="tests.test_cbo" name="test_partition_strategy_selection[unknown-hash-None-id-repartition_left]" time="0.005" /><testcase classname="tests.test_cbo" name="test_partition_strategy_selection[unknown-unknown-None-None-repartition_both]" time="0.006" /><testcase classname="tests.test_cbo" name="test_broadcast_strategy_and_missing_statistics_evidence" time="0.012" /><testcase classname="tests.test_cbo" name="test_dynamic_programming_reorders_inner_joins_but_not_outer_boundary" time="0.019" /><testcase classname="tests.test_cbo" name="test_nondeterministic_join_condition_is_a_reorder_boundary" time="0.013" /><testcase classname="tests.test_ci" name="test_workflow_uses_pinned_actions_minimal_permissions_and_timeouts[ci.yml]" time="0.021" /><testcase classname="tests.test_ci" name="test_workflow_uses_pinned_actions_minimal_permissions_and_timeouts[stress.yml]" time="0.020" /><testcase classname="tests.test_ci" name="test_fast_workflow_runs_complete_locked_quality_gate_and_uploads_junit" time="0.019" /><testcase classname="tests.test_ci" name="test_stress_workflow_is_independent_and_uploads_machine_readable_results" time="0.013" /><testcase classname="tests.test_ci" name="test_engine_independence_scanner_accepts_production_tree" time="5.285" /><testcase classname="tests.test_ci" name="test_engine_independence_static_scan_rejects_forbidden_paths[import duckdb\n]" time="1.524" /><testcase classname="tests.test_ci" name="test_engine_independence_static_scan_rejects_forbidden_paths[from org.apache.calcite import Planner\n]" time="1.186" /><testcase classname="tests.test_ci" name="test_engine_independence_static_scan_rejects_forbidden_paths[def execute():\n    return duckdb.connect(':memory:')\n]" time="0.573" /><testcase classname="tests.test_ci" name="test_engine_independence_static_scan_rejects_forbidden_paths[import importlib\nimportlib.import_module('duckdb')\n]" time="0.598" /><testcase classname="tests.test_ci" name="test_engine_independence_runtime_check_blocks_dynamic_import" time="0.645" /><testcase classname="tests.test_data_sources" name="test_four_file_formats_apply_projection_predicate_and_batch_size" time="0.264" /><testcase classname="tests.test_data_sources" name="test_file_task_pushdown_limits_the_scanned_files" time="0.102" /><testcase classname="tests.test_data_sources" name="test_iceberg_current_snapshot_manifest_and_rows_match_file_formats" time="0.726" /><testcase classname="tests.test_data_sources" name="test_iceberg_passes_minio_s3_properties_to_pyiceberg" time="0.306" /><testcase classname="tests.test_data_sources" name="test_scan_request_rejects_invalid_batch_size[0]" time="0.004" /><testcase classname="tests.test_data_sources" name="test_scan_request_rejects_invalid_batch_size[-1]" time="0.004" /><testcase classname="tests.test_deployment" name="test_worker_can_bind_all_interfaces_and_advertise_a_routable_address" time="0.008" /><testcase classname="tests.test_deployment" name="test_dockerfile_is_pinned_non_root_and_has_role_healthchecks" time="0.008" /><testcase classname="tests.test_deployment" name="test_compose_configuration_has_cluster_network_and_persistence" time="4.554" /><testcase classname="tests.test_deployment" name="test_kubernetes_resources_cover_workloads_configuration_and_storage" time="0.107" /><testcase classname="tests.test_deployment" name="test_kustomize_renders_all_resources_offline" time="2.554" /><testcase classname="tests.test_deployment" name="test_kubernetes_smoke_script_performs_upgrade_and_undo" time="0.005" /><testcase classname="tests.test_deployment" name="test_deployment_smoke_imports_partitioned_data" time="0.008" /><testcase classname="tests.test_deployment" name="test_task24_acceptance_records_real_images_catalog_and_cleanup" time="0.011" /><testcase classname="tests.test_distributed_execution" name="test_join_strategy_materializes_expected_exchanges[reuse-False-False]" time="0.109" /><testcase classname="tests.test_distributed_execution" name="test_join_strategy_materializes_expected_exchanges[repartition_left-True-False]" time="0.126" /><testcase classname="tests.test_distributed_execution" name="test_join_strategy_materializes_expected_exchanges[repartition_right-False-True]" time="0.114" /><testcase classname="tests.test_distributed_execution" name="test_join_strategy_materializes_expected_exchanges[repartition_both-True-True]" time="0.111" /><testcase classname="tests.test_distributed_execution" name="test_shuffle_attempt_isolation_atomic_manifest_metrics_and_integrity" time="0.278" /><testcase classname="tests.test_distributed_execution" name="test_all_join_distribution_strategies_execute_correctly[reuse-True-True]" time="0.142" /><testcase classname="tests.test_distributed_execution" name="test_all_join_distribution_strategies_execute_correctly[repartition_left-False-True]" time="0.268" /><testcase classname="tests.test_distributed_execution" name="test_all_join_distribution_strategies_execute_correctly[repartition_right-True-False]" time="0.278" /><testcase classname="tests.test_distributed_execution" name="test_all_join_distribution_strategies_execute_correctly[repartition_both-False-False]" time="0.528" /><testcase classname="tests.test_distributed_execution" name="test_all_join_distribution_strategies_execute_correctly[broadcast-False-False]" time="0.370" /><testcase classname="tests.test_distributed_execution" name="test_scheduler_honors_dependencies_slots_state_and_cancellation" time="0.041" /><testcase classname="tests.test_distributed_execution" name="test_multi_worker_join_aggregate_limit_and_partition_ownership" time="0.798" /><testcase classname="tests.test_distributed_execution" name="test_distributed_advanced_sql_matches_duckdb[\u5206\u533a\u7a97\u53e3\u4e0e\u5168\u5c40\u6392\u5e8f]" time="0.527" /><testcase classname="tests.test_distributed_execution" name="test_distributed_advanced_sql_matches_duckdb[\u5206\u7ec4\u96c6\u4e0e\u53bb\u91cd\u805a\u5408]" time="0.303" /><testcase classname="tests.test_execution" name="test_scan_filter_project_limit_batches_and_metrics" time="0.046" /><testcase classname="tests.test_execution" name="test_hash_aggregate_matches_duckdb_for_null_and_empty_input" time="0.102" /><testcase classname="tests.test_execution" name="test_hash_join_matches_duckdb_for_duplicates_nulls_and_padding[INNER]" time="0.126" /><testcase classname="tests.test_execution" name="test_hash_join_matches_duckdb_for_duplicates_nulls_and_padding[LEFT]" time="0.110" /><testcase classname="tests.test_execution" name="test_hash_join_matches_duckdb_for_duplicates_nulls_and_padding[RIGHT]" time="0.172" /><testcase classname="tests.test_execution" name="test_hash_join_matches_duckdb_for_duplicates_nulls_and_padding[FULL OUTER]" time="0.169" /><testcase classname="tests.test_execution" name="test_operator_cancellation_stops_record_batch_iteration" time="0.004" /><testcase classname="tests.test_expressions" name="test_sql_and_uses_three_valued_logic[\u771f\u4e14\u672a\u77e5]" time="0.003" /><testcase classname="tests.test_expressions" name="test_sql_and_uses_three_valued_logic[\u5047\u4e14\u672a\u77e5]" time="0.004" /><testcase classname="tests.test_expressions" name="test_sql_and_uses_three_valued_logic[\u672a\u77e5\u4e14\u5047]" time="0.004" /><testcase classname="tests.test_expressions" name="test_sql_and_uses_three_valued_logic[\u672a\u77e5\u4e14\u672a\u77e5]" time="0.004" /><testcase classname="tests.test_expressions" name="test_sql_or_uses_three_valued_logic[\u5047\u6216\u672a\u77e5]" time="0.003" /><testcase classname="tests.test_expressions" name="test_sql_or_uses_three_valued_logic[\u771f\u6216\u672a\u77e5]" time="0.003" /><testcase classname="tests.test_expressions" name="test_sql_or_uses_three_valued_logic[\u672a\u77e5\u6216\u771f]" time="0.005" /><testcase classname="tests.test_expressions" name="test_sql_or_uses_three_valued_logic[\u672a\u77e5\u6216\u672a\u77e5]" time="0.006" /><testcase classname="tests.test_expressions" name="test_binary_arithmetic_and_comparison_propagate_null" time="0.005" /><testcase classname="tests.test_expressions" name="test_in_between_like_case_and_is_null_evaluate_sql_semantics" time="0.005" /><testcase classname="tests.test_expressions" name="test_cast_evaluates_numeric_and_date_conversions" time="0.006" /><testcase classname="tests.test_expressions" name="test_bound_scalar_functions_evaluate" time="0.017" /><testcase classname="tests.test_interfaces" name="test_query_api_contract_executes_real_engine_and_pages_results" time="5.720" /><testcase classname="tests.test_interfaces" name="test_query_api_failure_cancel_and_not_ready_contract" time="0.554" /><testcase classname="tests.test_interfaces" name="test_cli_command_smoke[arguments0]" time="0.051" /><testcase classname="tests.test_interfaces" name="test_cli_command_smoke[arguments1]" time="0.032" /><testcase classname="tests.test_interfaces" name="test_cli_command_smoke[arguments2]" time="0.031" /><testcase classname="tests.test_interfaces" name="test_cli_command_smoke[arguments3]" time="0.029" /><testcase classname="tests.test_interfaces" name="test_cli_command_smoke[arguments4]" time="0.030" /><testcase classname="tests.test_interfaces" name="test_cli_command_smoke[arguments5]" time="0.030" /><testcase classname="tests.test_interfaces" name="test_cli_command_smoke[arguments6]" time="0.037" /><testcase classname="tests.test_interfaces" name="test_cli_command_smoke[arguments7]" time="0.043" /><testcase classname="tests.test_interfaces" name="test_cli_command_smoke[arguments8]" time="0.039" /><testcase classname="tests.test_interfaces" name="test_cli_command_smoke[arguments9]" time="0.046" /><testcase classname="tests.test_interfaces" name="test_webui_serves_compact_operational_workflow" time="0.820" /><testcase classname="tests.test_local_cluster" name="test_local_cluster_defaults_to_two_workers" time="0.008" /><testcase classname="tests.test_local_cluster" name="test_local_cluster_rejects_single_worker" time="0.014" /><testcase classname="tests.test_local_cluster" name="test_worker_id_uses_launcher_environment_variable" time="0.007" /><testcase classname="tests.test_local_cluster" name="test_local_cluster_starts_coordinator_and_distinct_workers" time="0.016" /><testcase classname="tests.test_memory_spill" name="test_memory_accounts_enforce_task_and_query_limits" time="0.004" /><testcase classname="tests.test_memory_spill" name="test_external_merge_sort_spills_and_cleans_successfully" time="1.405" /><testcase classname="tests.test_memory_spill" name="test_sort_aggregate_spills_with_high_cardinality" time="1.527" /><testcase classname="tests.test_memory_spill" name="test_partition_hash_join_falls_back_to_sort_merge" time="5.915" /><testcase classname="tests.test_memory_spill" name="test_temp_files_cleaned_after_failure_cancellation_and_disk_full[failure]" time="0.252" /><testcase classname="tests.test_memory_spill" name="test_temp_files_cleaned_after_failure_cancellation_and_disk_full[cancellation]" time="0.120" /><testcase classname="tests.test_memory_spill" name="test_temp_files_cleaned_after_failure_cancellation_and_disk_full[disk-full]" time="0.082" /><testcase classname="tests.test_memory_spill" name="test_distributed_spill_metrics_include_query_and_task_totals" time="1.463" /><testcase classname="tests.test_memory_spill" name="test_distributed_large_partition_uses_sort_aggregate_spill" time="2.892" /><testcase classname="tests.test_object_storage" name="test_local_object_store_read_write_and_atomic_publish" time="0.050" /><testcase classname="tests.test_object_storage" name="test_s3_object_store_uses_path_style_sigv4_requests" time="0.005" /><testcase classname="tests.test_object_storage" name="test_object_store_router_rejects_unconfigured_s3" time="0.003" /><testcase classname="tests.test_optimizer" name="test_predicate_pushdown_project_shape_and_equivalence" time="0.110" /><testcase classname="tests.test_optimizer" name="test_predicate_pushdown_aggregate_only_moves_group_keys" time="0.097" /><testcase classname="tests.test_optimizer" name="test_predicate_pushdown_aggregate_keeps_global_having_constant" time="0.107" /><testcase classname="tests.test_optimizer" name="test_predicate_pushdown_join_respects_outer_join_preserved_rows[INNER-True-True]" time="0.144" /><testcase classname="tests.test_optimizer" name="test_predicate_pushdown_join_respects_outer_join_preserved_rows[LEFT-True-False]" time="0.146" /><testcase classname="tests.test_optimizer" name="test_predicate_pushdown_join_respects_outer_join_preserved_rows[RIGHT-False-True]" time="0.120" /><testcase classname="tests.test_optimizer" name="test_predicate_pushdown_join_respects_outer_join_preserved_rows[FULL OUTER-False-False]" time="0.146" /><testcase classname="tests.test_optimizer" name="test_limit_pushdown_project_is_exact_and_equivalent" time="0.118" /><testcase classname="tests.test_optimizer" name="test_limit_join_hint_keeps_final_limit_and_is_not_executed" time="0.133" /><testcase classname="tests.test_optimizer" name="test_column_pruning_keeps_hidden_filter_and_join_columns" time="0.153" /><testcase classname="tests.test_optimizer" name="test_column_pruning_preserves_count_star_row_count" time="0.104" /><testcase classname="tests.test_optimizer" name="test_constant_folding_preserves_null_three_valued_logic" time="0.066" /><testcase classname="tests.test_optimizer" name="test_predicate_merge_normalizes_and_deduplicates" time="0.061" /><testcase classname="tests.test_optimizer" name="test_equality_inference_crosses_inner_but_not_outer_join" time="0.149" /><testcase classname="tests.test_optimizer" name="test_fixed_point_trace_cycle_guard_and_explain" time="0.045" /><testcase classname="tests.test_optimizer" name="test_default_rule_set_composes_to_fixed_point" time="0.089" /><testcase classname="tests.test_protocol" name="test_protocol_models_round_trip_json[Schema]" time="0.002" /><testcase classname="tests.test_protocol" name="test_protocol_models_round_trip_json[Partition]" time="0.002" /><testcase classname="tests.test_protocol" name="test_protocol_models_round_trip_json[Statistics]" time="0.002" /><testcase classname="tests.test_protocol" name="test_protocol_models_round_trip_json[PlanNode]" time="0.003" /><testcase classname="tests.test_protocol" name="test_protocol_models_round_trip_json[Query]" time="0.003" /><testcase classname="tests.test_protocol" name="test_protocol_models_round_trip_json[Stage]" time="0.002" /><testcase classname="tests.test_protocol" name="test_protocol_models_round_trip_json[Task]" time="0.003" /><testcase classname="tests.test_protocol" name="test_protocol_models_round_trip_json[Attempt]" time="0.002" /><testcase classname="tests.test_protocol" name="test_protocol_models_round_trip_json[Worker]" time="0.002" /><testcase classname="tests.test_protocol" name="test_schema_rejects_duplicate_field_names" time="0.002" /><testcase classname="tests.test_protocol" name="test_protocol_rejects_unknown_fields" time="0.003" /><testcase classname="tests.test_protocol" name="test_remote_task_protocol_rejects_wrong_version_and_payload_type" time="0.002" /><testcase classname="tests.test_protocol" name="test_worker_rejects_available_slots_above_capacity" time="0.002" /><testcase classname="tests.test_protocol" name="test_heartbeat_rejects_non_operational_state[registering]" time="0.001" /><testcase classname="tests.test_protocol" name="test_heartbeat_rejects_non_operational_state[lost]" time="0.001" /><testcase classname="tests.test_registry" name="test_registry_registers_renews_and_expires_worker_lease" time="0.020" /><testcase classname="tests.test_registry" name="test_coordinator_rejects_invalid_lease_with_stable_error_envelope" time="0.099" /><testcase classname="tests.test_registry" name="test_coordinator_wraps_request_validation_errors" time="0.119" /><testcase classname="tests.test_registry" name="test_coordinator_wraps_unknown_routes" time="0.388" /><testcase classname="tests.test_runtime_filter" name="test_runtime_filter_round_trip_merge_and_no_false_negatives" time="0.003" /><testcase classname="tests.test_runtime_filter" name="test_bloom_filter_false_positives_are_tolerated" time="0.003" /><testcase classname="tests.test_runtime_filter" name="test_local_runtime_filter_records_scan_reduction_and_preserves_result" time="0.079" /><testcase classname="tests.test_runtime_filter" name="test_runtime_filter_does_not_filter_outer_join_preserved_probe[LEFT]" time="0.085" /><testcase classname="tests.test_runtime_filter" name="test_runtime_filter_does_not_filter_outer_join_preserved_probe[FULL OUTER]" time="0.102" /><testcase classname="tests.test_runtime_filter" name="test_left_join_can_filter_non_preserved_right_probe" time="0.104" /><testcase classname="tests.test_runtime_filter" name="test_distributed_runtime_filter_uses_cbo_build_side_and_preserves_result" time="0.134" /><testcase classname="tests.test_service_lifecycle" name="test_coordinator_and_worker_lifecycle_registers_and_renews_lease" time="0.286" /><testcase classname="tests.test_sql_binding" name="test_bind_builds_scan_join_filter_aggregate_project_order_and_limit" time="0.010" /><testcase classname="tests.test_sql_binding" name="test_bind_inserts_implicit_numeric_cast" time="0.006" /><testcase classname="tests.test_sql_binding" name="test_bind_rejects_name_errors_with_location[\u975e\u9650\u5b9a\u5217\u6b67\u4e49]" time="0.007" /><testcase classname="tests.test_sql_binding" name="test_bind_rejects_name_errors_with_location[\u5217\u4e0d\u5b58\u5728]" time="0.005" /><testcase classname="tests.test_sql_binding" name="test_bind_rejects_name_errors_with_location[\u8f93\u51fa\u522b\u540d\u91cd\u590d]" time="0.005" /><testcase classname="tests.test_sql_binding" name="test_bind_rejects_name_errors_with_location[\u8868\u522b\u540d\u91cd\u590d]" time="0.004" /><testcase classname="tests.test_sql_binding" name="test_bind_builds_window_node_and_rows_frame" time="0.005" /><testcase classname="tests.test_sql_binding" name="test_window_aggregate_does_not_create_group_aggregate" time="0.003" /><testcase classname="tests.test_sql_binding" name="test_bind_builds_grouping_sets_node" time="0.003" /><testcase classname="tests.test_sql_binding" name="test_having_only_aggregate_is_recorded" time="0.003" /><testcase classname="tests.test_sql_binding" name="test_join_star_uses_unique_qualified_output_names" time="0.003" /><testcase classname="tests.test_sql_binding" name="test_bind_rejects_aggregate_in_where" time="0.003" /><testcase classname="tests.test_sql_parser" name="test_parse_select_accepts_supported_select_dialect" time="0.008" /><testcase classname="tests.test_sql_parser" name="test_parse_select_rejects_out_of_scope_syntax[\u975eSELECT\u8bed\u53e5]" time="0.006" /><testcase classname="tests.test_sql_parser" name="test_parse_select_rejects_out_of_scope_syntax[\u96c6\u5408\u8fd0\u7b97]" time="0.007" /><testcase classname="tests.test_sql_parser" name="test_parse_select_rejects_out_of_scope_syntax[CTE]" time="0.007" /><testcase classname="tests.test_sql_parser" name="test_parse_select_rejects_out_of_scope_syntax[\u4ea4\u53c9\u8fde\u63a5]" time="0.007" /><testcase classname="tests.test_sql_parser" name="test_parse_select_reports_sqlglot_error_location" time="0.007" /><testcase classname="tests.test_task16_acceptance" name="test_multiformat_examples_are_deterministic_and_equivalent" time="0.386" /><testcase classname="tests.test_task16_acceptance" name="test_stress_generator_meets_size_and_row_invariants" time="0.869" /><testcase classname="tests.test_task16_acceptance" name="test_small_acceptance_spills_and_matches_duckdb" time="17.247" /><testcase classname="tests.test_task18_remote_workers" name="test_real_worker_processes_execute_and_retry_after_worker_death" time="18.873" /><testcase classname="tests.test_task19_error_contract" name="test_worker_task_failure_uses_structured_sanitized_error[domain-error]" time="0.065" /><testcase classname="tests.test_task19_error_contract" name="test_worker_task_failure_uses_structured_sanitized_error[unclassified-error]" time="0.057" /><testcase classname="tests.test_task19_error_contract" name="test_real_worker_query_api_distinguishes_five_error_codes" time="20.522" /><testcase classname="tests.test_task20_remote_metrics" name="test_real_coordinator_and_two_workers_expose_auditable_task_metrics" time="8.863" /><testcase classname="tests.test_task21_remote_cancellation" name="test_real_query_cancel_waits_for_workers_and_stops_later_stages" time="10.101" /><testcase classname="tests.test_worker_recovery" name="test_worker_lease_loss_retries_without_duplicate_or_missing_shuffle_rows" time="1.156" /><testcase classname="tests.test_worker_recovery" name="test_lease_loss_retry_ignores_failed_cancellation_confirmation" time="0.036" /><testcase classname="tests.test_worker_recovery" name="test_user_cancellation_still_requires_remote_confirmation" time="0.036" /><testcase classname="tests.test_worker_recovery" name="test_retry_timeout_backoff_and_final_error_include_safe_context" time="0.162" /><testcase classname="tests.test_worker_task_api" name="test_worker_shuffle_manifest_round_trip" time="0.256" /><testcase classname="tests.test_worker_task_api" name="test_worker_cancel_cleans_unpublished_result" time="0.046" /><testcase classname="tests.test_worker_task_api" name="test_worker_cancel_waits_for_thread_and_times_out_without_false_terminal" time="0.100" /><testcase classname="tests.test_worker_task_api" name="test_cancel_does_not_delete_another_published_attempt" time="0.074" /><testcase classname="tests.test_worker_task_api" name="test_worker_rejects_unauthenticated_serialized_plan" time="0.102" /></testsuite></testsuites>